Flow report for multiCore
Sun Nov 15 17:28:28 2015
Quartus II 64-Bit Version 11.0 Build 208 07/03/2011 Service Pack 1 SJ Full Version


---------------------
; Table of Contents ;
---------------------
  1. Legal Notice
  2. Flow Summary
  3. Flow Settings
  4. Flow Non-Default Global Settings
  5. Flow Elapsed Time
  6. Flow OS Summary
  7. Flow Log



----------------
; Legal Notice ;
----------------
Copyright (C) 1991-2011 Altera Corporation
Your use of Altera Corporation's design tools, logic functions 
and other software and tools, and its AMPP partner logic 
functions, and any output files from any of the foregoing 
(including device programming or simulation files), and any 
associated documentation or information are expressly subject 
to the terms and conditions of the Altera Program License 
Subscription Agreement, Altera MegaCore Function License 
Agreement, or other applicable license agreement, including, 
without limitation, that your use is for the sole purpose of 
programming logic devices manufactured by Altera and sold by 
Altera or its authorized distributors.  Please refer to the 
applicable agreement for further details.



+-------------------------------------------------------------------------------------+
; Flow Summary                                                                        ;
+------------------------------------+------------------------------------------------+
; Flow Status                        ; Successful - Sun Nov 15 17:28:23 2015          ;
; Quartus II 64-Bit Version          ; 11.0 Build 208 07/03/2011 SP 1 SJ Full Version ;
; Revision Name                      ; multiCore                                      ;
; Top-level Entity Name              ; multiCore                                      ;
; Family                             ; Cyclone IV E                                   ;
; Device                             ; EP4CE15F17C8                                   ;
; Timing Models                      ; Final                                          ;
; Total logic elements               ; 3,306 / 15,408 ( 21 % )                        ;
;     Total combinational functions  ; 2,939 / 15,408 ( 19 % )                        ;
;     Dedicated logic registers      ; 2,055 / 15,408 ( 13 % )                        ;
; Total registers                    ; 2173                                           ;
; Total pins                         ; 76 / 166 ( 46 % )                              ;
; Total virtual pins                 ; 0                                              ;
; Total memory bits                  ; 47,488 / 516,096 ( 9 % )                       ;
; Embedded Multiplier 9-bit elements ; 4 / 112 ( 4 % )                                ;
; Total PLLs                         ; 1 / 4 ( 25 % )                                 ;
+------------------------------------+------------------------------------------------+


+-----------------------------------------+
; Flow Settings                           ;
+-------------------+---------------------+
; Option            ; Setting             ;
+-------------------+---------------------+
; Start date & time ; 11/15/2015 17:27:36 ;
; Main task         ; Compilation         ;
; Revision Name     ; multiCore           ;
+-------------------+---------------------+


+----------------------------------------------------------------------------------------------------------------+
; Flow Non-Default Global Settings                                                                               ;
+-------------------------------------+-------------------------------+---------------+-------------+------------+
; Assignment Name                     ; Value                         ; Default Value ; Entity Name ; Section Id ;
+-------------------------------------+-------------------------------+---------------+-------------+------------+
; COMPILER_SIGNATURE_ID               ; 1098828803479.144757965606092 ; --            ; --          ; --         ;
; IP_TOOL_NAME                        ; ALTPLL                        ; --            ; --          ; --         ;
; IP_TOOL_VERSION                     ; 11.0                          ; --            ; --          ; --         ;
; MAX_CORE_JUNCTION_TEMP              ; 85                            ; --            ; --          ; --         ;
; MIN_CORE_JUNCTION_TEMP              ; 0                             ; --            ; --          ; --         ;
; MISC_FILE                           ; PLL.bsf                       ; --            ; --          ; --         ;
; MISC_FILE                           ; PLL_bb.v                      ; --            ; --          ; --         ;
; MISC_FILE                           ; PLL.ppf                       ; --            ; --          ; --         ;
; OUTPUT_IO_TIMING_FAR_END_VMEAS      ; Half Signal Swing             ; --            ; --          ; --         ;
; OUTPUT_IO_TIMING_FAR_END_VMEAS      ; Half Signal Swing             ; --            ; --          ; --         ;
; OUTPUT_IO_TIMING_NEAR_END_VMEAS     ; Half Vccio                    ; --            ; --          ; --         ;
; OUTPUT_IO_TIMING_NEAR_END_VMEAS     ; Half Vccio                    ; --            ; --          ; --         ;
; PARTITION_COLOR                     ; 16764057                      ; --            ; --          ; Top        ;
; PARTITION_FITTER_PRESERVATION_LEVEL ; PLACEMENT_AND_ROUTING         ; --            ; --          ; Top        ;
; PARTITION_NETLIST_TYPE              ; SOURCE                        ; --            ; --          ; Top        ;
; SOPC_BUILDER_SIGNATURE_ID           ; F46d04fc6ebc000001510a4f0a9d  ; --            ; --          ; --         ;
+-------------------------------------+-------------------------------+---------------+-------------+------------+


+-------------------------------------------------------------------------------------------------------------------------------+
; Flow Elapsed Time                                                                                                             ;
+---------------------------+--------------+-------------------------+---------------------+------------------------------------+
; Module Name               ; Elapsed Time ; Average Processors Used ; Peak Virtual Memory ; Total CPU Time (on all processors) ;
+---------------------------+--------------+-------------------------+---------------------+------------------------------------+
; Analysis & Synthesis      ; 00:00:21     ; 1.0                     ; 473 MB              ; 00:00:20                           ;
; Fitter                    ; 00:00:18     ; 1.3                     ; 545 MB              ; 00:00:19                           ;
; Assembler                 ; 00:00:03     ; 1.0                     ; 351 MB              ; 00:00:02                           ;
; TimeQuest Timing Analyzer ; 00:00:08     ; 1.4                     ; 436 MB              ; 00:00:08                           ;
; Total                     ; 00:00:50     ; --                      ; --                  ; 00:00:49                           ;
+---------------------------+--------------+-------------------------+---------------------+------------------------------------+


+----------------------------------------------------------------------------------------+
; Flow OS Summary                                                                        ;
+---------------------------+------------------+-----------+------------+----------------+
; Module Name               ; Machine Hostname ; OS Name   ; OS Version ; Processor type ;
+---------------------------+------------------+-----------+------------+----------------+
; Analysis & Synthesis      ; obyn             ; Windows 7 ; 6.2        ; x86_64         ;
; Fitter                    ; obyn             ; Windows 7 ; 6.2        ; x86_64         ;
; Assembler                 ; obyn             ; Windows 7 ; 6.2        ; x86_64         ;
; TimeQuest Timing Analyzer ; obyn             ; Windows 7 ; 6.2        ; x86_64         ;
+---------------------------+------------------+-----------+------------+----------------+


------------
; Flow Log ;
------------
quartus_map --read_settings_files=on --write_settings_files=off multiCore -c multiCore
quartus_fit --read_settings_files=off --write_settings_files=off multiCore -c multiCore
quartus_asm --read_settings_files=off --write_settings_files=off multiCore -c multiCore
quartus_sta multiCore -c multiCore



